<?xml version="1.0" encoding="UTF-8"?>
<!-- Generated by org.testng.reporters.JUnitXMLReporter -->
<testsuite ignored="0" hostname="Nsv-2o" failures="1" tests="3" name="Error validation Test" time="10.318" errors="0" timestamp="2023-09-11T03:54:35 IST">
  <testcase classname="SeleniumFrameworkDesign.ErrorValidationTest" name="loginErrorTest" time="0.5">
    <skipped/>
  </testcase> <!-- loginErrorTest -->
  <testcase classname="SeleniumFrameworkDesign.ErrorValidationTest" name="loginErrorTest" time="0.396">
    <failure type="java.lang.AssertionError" message="expected [Incorrect email or password.] but found [Incorrect email or @@@@password.]">
      <![CDATA[java.lang.AssertionError: expected [Incorrect email or password.] but found [Incorrect email or @@@@password.]
at SeleniumFrameworkDesign.ErrorValidationTest.loginErrorTest(ErrorValidationTest.java:23)
at java.base/java.util.ArrayList.forEach(ArrayList.java:1511)
at java.base/java.util.concurrent.FutureTask.run(FutureTask.java:264)
at java.base/java.util.concurrent.ThreadPoolExecutor.runWorker(ThreadPoolExecutor.java:1136)
at java.base/java.util.concurrent.ThreadPoolExecutor$Worker.run(ThreadPoolExecutor.java:635)
at java.base/java.lang.Thread.run(Thread.java:833)
... Removed 23 stack frames]]>
    </failure>
  </testcase> <!-- loginErrorTest -->
  <testcase classname="SeleniumFrameworkDesign.ErrorValidationTest" name="orderErrorTest" time="2.958"/>
</testsuite> <!-- Error validation Test -->
